Build started 2/27/2015 9:31:39 PM.
     1>Project "C:\Users\aaron.jones\Documents\GitHub\UIBlackjack\UIBlackjack\UIBlackjack\UIBlackjack.vcxproj" on node 2 (Build target(s)).
     1>ClCompile:
         C:\Program Files (x86)\Microsoft Visual Studio 12.0\VC\bin\CL.exe /c /AI"C:\Program Files (x86)\Reference Assemblies\Microsoft\Framework\.NETFramework\v4.5\\" /AI"C:\Program Files (x86)\Windows Kits\8.1\References\CommonConfiguration\Neutral" /AI"C:\Program Files (x86)\Reference Assemblies\Microsoft\Framework\.NETFramework\v4.5\Facades\\" /Zi /clr /nologo /W3 /WX- /Od /Oy- /D WIN32 /D _DEBUG /D _UNICODE /D UNICODE /EHa /MDd /GS /fp:precise /Zc:wchar_t /Zc:forScope /Fo"Debug\\" /Fd"Debug\vc120.pdb" /TP /FU"C:\Program Files (x86)\Reference Assemblies\Microsoft\Framework\.NETFramework\v4.5\mscorlib.dll" /FU"C:\Program Files (x86)\Reference Assemblies\Microsoft\Framework\.NETFramework\v4.5\System.Data.dll" /FU"C:\Program Files (x86)\Reference Assemblies\Microsoft\Framework\.NETFramework\v4.5\System.dll" /FU"C:\Program Files (x86)\Reference Assemblies\Microsoft\Framework\.NETFramework\v4.5\System.Drawing.dll" /FU"C:\Program Files (x86)\Reference Assemblies\Microsoft\Framework\.NETFramework\v4.5\System.Windows.Forms.dll" /FU"C:\Program Files (x86)\Reference Assemblies\Microsoft\Framework\.NETFramework\v4.5\System.Xml.dll" /analyze- /errorReport:prompt /clr:nostdlib TableForm.cpp
         TableForm.cpp
     1>TableForm.cpp(3): error C2146: syntax error : missing ';' before identifier 'whatisgoingon'
     1>TableForm.cpp(3): error C4430: missing type specifier - int assumed. Note: C++ does not support default-int
     1>TableForm.cpp(4): error C4430: missing type specifier - int assumed. Note: C++ does not support default-int
     1>TableForm.cpp(5): error C2065: 'cout' : undeclared identifier
     1>TableForm.cpp(6): warning C4508: 'whatisgoingon' : function should return a value; 'void' return type assumed
     1>Done Building Project "C:\Users\aaron.jones\Documents\GitHub\UIBlackjack\UIBlackjack\UIBlackjack\UIBlackjack.vcxproj" (Build target(s)) -- FAILED.

Build FAILED.

Time Elapsed 00:00:00.28
